npm error code ERESOLVE
npm error ERESOLVE could not resolve
npm error
npm error While resolving: @typescript-eslint/eslint-plugin@7.0.0
npm error Found: @typescript-eslint/parser@7.0.0
npm error node_modules/@typescript-eslint/parser
npm error   @typescript-eslint/parser@"^5.4.2 || ^6.0.0 || ^7.0.0 || ^8.0.0" from eslint-config-next@15.3.0
npm error   node_modules/eslint-config-next
npm error     dev eslint-config-next@"15.3.0" from the root project
npm error   dev @typescript-eslint/parser@"7.0.0" from the root project
npm error
npm error Could not resolve dependency:
npm error peer @typescript-eslint/parser@"^6.0.0 || ^6.0.0-alpha" from @typescript-eslint/eslint-plugin@7.0.0
npm error node_modules/@typescript-eslint/eslint-plugin
npm error   @typescript-eslint/eslint-plugin@"^5.4.2 || ^6.0.0 || ^7.0.0 || ^8.0.0" from eslint-config-next@15.3.0
npm error   node_modules/eslint-config-next
npm error     dev eslint-config-next@"15.3.0" from the root project
npm error   dev @typescript-eslint/eslint-plugin@"7.0.0" from the root project
npm error
npm error Conflicting peer dependency: @typescript-eslint/parser@6.21.0
npm error node_modules/@typescript-eslint/parser
npm error   peer @typescript-eslint/parser@"^6.0.0 || ^6.0.0-alpha" from @typescript-eslint/eslint-plugin@7.0.0
npm error   node_modules/@typescript-eslint/eslint-plugin
npm error     @typescript-eslint/eslint-plugin@"^5.4.2 || ^6.0.0 || ^7.0.0 || ^8.0.0" from eslint-config-next@15.3.0
npm error     node_modules/eslint-config-next
npm error       dev eslint-config-next@"15.3.0" from the root project
npm error     dev @typescript-eslint/eslint-plugin@"7.0.0" from the root project
npm error
npm error Fix the upstream dependency conflict, or retry
npm error this command with --force or --legacy-peer-deps
npm error to accept an incorrect (and potentially broken) dependency resolution.
npm error
npm error
npm error For a full report see:
npm error /Users/kevinhouston/.npm/_logs/2025-12-08T20_43_38_437Z-eresolve-report.txt
npm error A complete log of this run can be found in: /Users/kevinhouston/.npm/_logs/2025-12-08T20_43_38_437Z-debug-0.log
